<?xml version="1.0" encoding="UTF-8" ?>
<testsuite errors="0" failures="0" hostname="LAPTOP-6KNO9QKU" name="TestPoints" skipped="0" tests="8" time="2.765" timestamp="2022-04-18T19:12:03">
  <properties>
    <property name="java.vendor" value="Oracle Corporation" />
    <property name="lib.dir" value="lib" />
    <property name="sun.java.launcher" value="SUN_STANDARD" />
    <property name="sun.management.compiler" value="HotSpot 64-Bit Tiered Compilers" />
    <property name="os.name" value="Windows 10" />
    <property name="sun.boot.class.path" value="C:\Program Files\Java\jdk1.8.0_261\jre\lib\resources.jar;C:\Program Files\Java\jdk1.8.0_261\jre\lib\rt.jar;C:\Program Files\Java\jdk1.8.0_261\jre\lib\sunrsasign.jar;C:\Program Files\Java\jdk1.8.0_261\jre\lib\jsse.jar;C:\Program Files\Java\jdk1.8.0_261\jre\lib\jce.jar;C:\Program Files\Java\jdk1.8.0_261\jre\lib\charsets.jar;C:\Program Files\Java\jdk1.8.0_261\jre\lib\jfr.jar;C:\Program Files\Java\jdk1.8.0_261\jre\classes" />
    <property name="destination.jar" value="target/Mispi3.jar" />
    <property name="compiled.classes" value="target/classes" />
    <property name="compiled.tests" value="target/tests" />
    <property name="sun.desktop" value="windows" />
    <property name="java.vm.specification.vendor" value="Oracle Corporation" />
    <property name="ant.home" value="C:\Program Files\JetBrains\IntelliJ IDEA 2020.2.3\lib\ant" />
    <property name="ant.file.type.Mispi3" value="file" />
    <property name="java.runtime.version" value="1.8.0_261-b12" />
    <property name="user.name" value="ASUS" />
    <property name="main" value="src/com/bebra" />
    <property name="user.language" value="ru" />
    <property name="sun.boot.library.path" value="C:\Program Files\Java\jdk1.8.0_261\jre\bin" />
    <property name="ant.project.name" value="Mispi3" />
    <property name="java.version" value="1.8.0_261" />
    <property name="user.timezone" value="" />
    <property name="sun.arch.data.model" value="64" />
    <property name="java.endorsed.dirs" value="C:\Program Files\Java\jdk1.8.0_261\jre\lib\endorsed" />
    <property name="sun.cpu.isalist" value="amd64" />
    <property name="sun.jnu.encoding" value="Cp1251" />
    <property name="file.encoding.pkg" value="sun.io" />
    <property name="file.separator" value="\" />
    <property name="java.specification.name" value="Java Platform API Specification" />
    <property name="java.class.version" value="52.0" />
    <property name="user.country" value="RU" />
    <property name="java.home" value="C:\Program Files\Java\jdk1.8.0_261\jre" />
    <property name="java.vm.info" value="mixed mode" />
    <property name="ant.file" value="C:\Users\ASUS\Desktop\второй курс\миспи\lab3\build.xml" />
    <property name="os.version" value="10.0" />
    <property name="path.separator" value=";" />
    <property name="java.vm.version" value="25.261-b12" />
    <property name="user.variant" value="" />
    <property name="ant.library.dir" value="C:\Program Files\JetBrains\IntelliJ IDEA 2020.2.3\lib\ant\lib" />
    <property name="java.awt.printerjob" value="sun.awt.windows.WPrinterJob" />
    <property name="sun.io.unicode.encoding" value="UnicodeLittle" />
    <property name="awt.toolkit" value="sun.awt.windows.WToolkit" />
    <property name="user.script" value="" />
    <property name="user.home" value="C:\Users\ASUS" />
    <property name="java.specification.vendor" value="Oracle Corporation" />
    <property name="test" value="test" />
    <property name="java.library.path" value="C:\Program Files\Java\jdk1.8.0_261\jre\bin;C:\WINDOWS\Sun\Java\bin;C:\WINDOWS\system32;C:\WINDOWS;C:\Program Files (x86)\Common Files\Oracle\Java\javapath;C:\Windows\system32;C:\Windows;C:\Windows\System32\Wbem;C:\Windows\System32\WindowsPowerShell\v1.0\;C:\Windows\System32\OpenSSH\;C:\Program Files (x86)\NVIDIA Corporation\PhysX\Common;C:\WINDOWS\system32;C:\WINDOWS;C:\WINDOWS\System32\Wbem;C:\WINDOWS\System32\WindowsPowerShell\v1.0\;C:\WINDOWS\System32\OpenSSH\;C:\Program Files (x86)\HP\Common\HPDestPlgIn\;C:\Program Files (x86)\HP\IdrsOCR_15.3.1129.0\;C:\Program Files\Java\jdk1.8.0_261\bin;C:\Users\ASUS\flutter\bin;C:\Program Files\Git\cmd;C:\MinGW\bin;C:\Program Files\Apache\apache-ant-1.9.16\bin;C:\Users\ASUS\AppData\Local\Programs\Python\Python310\Scripts\;C:\Users\ASUS\AppData\Local\Programs\Python\Python310\;C:\Users\ASUS\AppData\Local\Microsoft\WindowsApps;C:\Program Files (x86)\HP\Common\HPDestPlgIn\;C:\Program Files\Java\jdk1.8.0_261\bin;C:\Users\ASUS\AppData\Local\Programs\Microsoft VS Code\bin;C:\Users\ASUS\AppData\Local\GitHubDesktop\bin;." />
    <property name="java.vendor.url" value="http://java.oracle.com/" />
    <property name="java.vm.vendor" value="Oracle Corporation" />
    <property name="java.runtime.name" value="Java(TM) SE Runtime Environment" />
    <property name="sun.java.command" value="org.apache.tools.ant.taskdefs.optional.junit.JUnitTestRunner TestPoints skipNonTests=false filtertrace=true haltOnError=false haltOnFailure=false formatter=org.apache.tools.ant.taskdefs.optional.junit.SummaryJUnitResultFormatter showoutput=false outputtoformatters=true logfailedtests=true threadid=0 logtestlistenerevents=false formatter=org.apache.tools.ant.taskdefs.optional.junit.XMLJUnitResultFormatter,C:\Users\ASUS\Desktop\второй курс\миспи\lab3\reports\TEST-TestPoints.xml crashfile=C:\Users\ASUS\Desktop\второй курс\миспи\lab3\junitvmwatcher2445637121215274447.properties propsfile=C:\Users\ASUS\Desktop\второй курс\миспи\lab3\junit1802290227502794064.properties" />
    <property name="java.class.path" value="C:\Users\ASUS\Desktop\второй курс\миспи\lab3\lib\hamcrest-core-1.3.jar;C:\Users\ASUS\Desktop\второй курс\миспи\lab3\lib\junit-4.12.jar;C:\Users\ASUS\Desktop\второй курс\миспи\lab3\target\classes;C:\Users\ASUS\Desktop\второй курс\миспи\lab3\target\tests;C:\Program Files\JetBrains\IntelliJ IDEA 2020.2.3\lib\ant\lib\ant-launcher.jar;C:\Program Files\JetBrains\IntelliJ IDEA 2020.2.3\lib\ant\lib\ant.jar;C:\Program Files\JetBrains\IntelliJ IDEA 2020.2.3\lib\ant\lib\ant-junit.jar;C:\Program Files\JetBrains\IntelliJ IDEA 2020.2.3\lib\ant\lib\ant-junit4.jar" />
    <property name="ant.version" value="Apache Ant(TM) version 1.10.5 compiled on July 10 2018" />
    <property name="java.vm.specification.name" value="Java Virtual Machine Specification" />
    <property name="ant.file.type" value="file" />
    <property name="java.vm.specification.version" value="1.8" />
    <property name="sun.cpu.endian" value="little" />
    <property name="sun.os.patch.level" value="" />
    <property name="java.io.tmpdir" value="C:\Users\ASUS\AppData\Local\Temp\" />
    <property name="compiled" value="target" />
    <property name="java.vendor.url.bug" value="http://bugreport.sun.com/bugreport/" />
    <property name="ant.file.Mispi3" value="C:\Users\ASUS\Desktop\второй курс\миспи\lab3\build.xml" />
    <property name="os.arch" value="amd64" />
    <property name="java.awt.graphicsenv" value="sun.awt.Win32GraphicsEnvironment" />
    <property name="java.ext.dirs" value="C:\Program Files\Java\jdk1.8.0_261\jre\lib\ext;C:\WINDOWS\Sun\Java\lib\ext" />
    <property name="user.dir" value="C:\Users\ASUS\Desktop\второй курс\миспи\lab3" />
    <property name="line.separator" value="&#xd;&#xa;" />
    <property name="java.vm.name" value="Java HotSpot(TM) 64-Bit Server VM" />
    <property name="basedir" value="C:\Users\ASUS\Desktop\второй курс\миспи\lab3" />
    <property name="ant.java.version" value="1.8" />
    <property name="ant.core.lib" value="C:\Program Files\JetBrains\IntelliJ IDEA 2020.2.3\lib\ant\lib\ant.jar" />
    <property name="file.encoding" value="Cp1251" />
    <property name="java.specification.version" value="1.8" />
    <property name="ant.project.invoked-targets" value="report" />
  </properties>
  <testcase classname="TestPoints" name="topLeft" time="1.066" />
  <testcase classname="TestPoints" name="topRight" time="0.461" />
  <testcase classname="TestPoints" name="nullInPoint" time="0.001" />
  <testcase classname="TestPoints" name="borders" time="0.001" />
  <testcase classname="TestPoints" name="nullRInPoint" time="0.0" />
  <testcase classname="TestPoints" name="downLeftOutsideArea" time="0.523" />
  <testcase classname="TestPoints" name="downRight" time="0.137" />
  <testcase classname="TestPoints" name="downLeftInsideArea" time="0.492" />
  <system-out><![CDATA[]]></system-out>
  <system-err><![CDATA[]]></system-err>
</testsuite>
